# JRE version: OpenJDK Runtime Environment (21.0.10+7) (build 21.0.10+7-Ubuntu-124.04)
# Java VM: OpenJDK 64-Bit Server VM (21.0.10+7-Ubuntu-124.04, mixed mode, sharing, tiered, compressed oops, compressed class ptrs, g1 gc, linux-amd64)
GC Precious Log:
 CardTable entry size: 512
 Card Set container configuration: InlinePtr #cards 4 size 8 Array Of Cards #cards 32 size 80 Howl #buckets 8 coarsen threshold 7372 Howl Bitmap #cards 1024 size 144 coarsen threshold 921 Card regions per heap region 1 cards per card region 8192
 CPUs: 8 total, 8 available
 Memory: 23915M
 Large Page Support: Disabled
 NUMA Support: Disabled
 Compressed Oops: Enabled (Zero based)
 Heap Region Size: 4M
 Heap Min Capacity: 8M
 Heap Initial Capacity: 376M
 Heap Max Capacity: 5980M
 Pre-touch: Disabled
 Parallel Workers: 8
 Concurrent Workers: 2
 Concurrent Refinement Workers: 8
 Periodic GC: Disabled
Heap:
 garbage-first heap   total 778240K, used 594932K [0x000000068a400000, 0x0000000800000000)
  region size 4096K, 18 young (73728K), 4 survivors (16384K)
 Metaspace       used 11275K, committed 11584K, reserved 1114112K
  class space    used 1192K, committed 1344K, reserved 1048576K
GC Heap History (20 events):
Event: 1,041 GC heap before
{Heap before GC invocations=0 (full 0):
 garbage-first heap   total 389120K, used 21553K [0x000000068a400000, 0x0000000800000000)
  region size 4096K, 5 young (20480K), 0 survivors (0K)
 Metaspace       used 8584K, committed 8832K, reserved 1114112K
  class space    used 905K, committed 1024K, reserved 1048576K
}
Event: 1,045 GC heap after
{Heap after GC invocations=1 (full 0):
 garbage-first heap   total 389120K, used 7540K [0x000000068a400000, 0x0000000800000000)
  region size 4096K, 1 young (4096K), 1 survivors (4096K)
 Metaspace       used 8584K, committed 8832K, reserved 1114112K
  class space    used 905K, committed 1024K, reserved 1048576K
}
Event: 1,278 GC heap before
{Heap before GC invocations=1 (full 0):
 garbage-first heap   total 389120K, used 40308K [0x000000068a400000, 0x0000000800000000)
  region size 4096K, 8 young (32768K), 1 survivors (4096K)
 Metaspace       used 10584K, committed 10880K, reserved 1114112K
  class space    used 1140K, committed 1280K, reserved 1048576K
}
Event: 1,284 GC heap after
{Heap after GC invocations=2 (full 0):
 garbage-first heap   total 389120K, used 14480K [0x000000068a400000, 0x0000000800000000)
  region size 4096K, 1 young (4096K), 1 survivors (4096K)
 Metaspace       used 10584K, committed 10880K, reserved 1114112K
  class space    used 1140K, committed 1280K, reserved 1048576K
}
Event: 3,151 GC heap before
{Heap before GC invocations=2 (full 0):
 garbage-first heap   total 389120K, used 206992K [0x000000068a400000, 0x0000000800000000)
  region size 4096K, 41 young (167936K), 1 survivors (4096K)
 Metaspace       used 11269K, committed 11584K, reserved 1114112K
  class space    used 1190K, committed 1344K, reserved 1048576K
}
Event: 3,160 GC heap after
{Heap after GC invocations=3 (full 0):
 garbage-first heap   total 389120K, used 93535K [0x000000068a400000, 0x0000000800000000)
  region size 4096K, 6 young (24576K), 6 survivors (24576K)
 Metaspace       used 11269K, committed 11584K, reserved 1114112K
  class space    used 1190K, committed 1344K, reserved 1048576K
}
Event: 3,203 GC heap before
{Heap before GC invocations=3 (full 0):
 garbage-first heap   total 389120K, used 126303K [0x000000068a400000, 0x0000000800000000)
  region size 4096K, 15 young (61440K), 6 survivors (24576K)
 Metaspace       used 11269K, committed 11584K, reserved 1114112K
  class space    used 1190K, committed 1344K, reserved 1048576K
}
Event: 3,213 GC heap after
{Heap after GC invocations=4 (full 0):
 garbage-first heap   total 389120K, used 103853K [0x000000068a400000, 0x0000000800000000)
  region size 4096K, 2 young (8192K), 2 survivors (8192K)
 Metaspace       used 11269K, committed 11584K, reserved 1114112K
  class space    used 1190K, committed 1344K, reserved 1048576K
}
Event: 3,256 GC heap before
{Heap before GC invocations=4 (full 0):
 garbage-first heap   total 389120K, used 136621K [0x000000068a400000, 0x0000000800000000)
  region size 4096K, 11 young (45056K), 2 survivors (8192K)
 Metaspace       used 11269K, committed 11584K, reserved 1114112K
  class space    used 1190K, committed 1344K, reserved 1048576K
}
Event: 3,261 GC heap after
{Heap after GC invocations=5 (full 0):
 garbage-first heap   total 389120K, used 144262K [0x000000068a400000, 0x0000000800000000)
  region size 4096K, 2 young (8192K), 2 survivors (8192K)
 Metaspace       used 11269K, committed 11584K, reserved 1114112K
  class space    used 1190K, committed 1344K, reserved 1048576K
}
Event: 3,318 GC heap before
{Heap before GC invocations=5 (full 0):
 garbage-first heap   total 389120K, used 189318K [0x000000068a400000, 0x0000000800000000)
  region size 4096K, 14 young (57344K), 2 survivors (8192K)
 Metaspace       used 11269K, committed 11584K, reserved 1114112K
  class space    used 1190K, committed 1344K, reserved 1048576K
}
Event: 3,327 GC heap after
{Heap after GC invocations=6 (full 0):
 garbage-first heap   total 389120K, used 198757K [0x000000068a400000, 0x0000000800000000)
  region size 4096K, 2 young (8192K), 2 survivors (8192K)
 Metaspace       used 11269K, committed 11584K, reserved 1114112K
  class space    used 1190K, committed 1344K, reserved 1048576K
}
Event: 3,395 GC heap before
{Heap before GC invocations=6 (full 0):
 garbage-first heap   total 389120K, used 247909K [0x000000068a400000, 0x0000000800000000)
  region size 4096K, 15 young (61440K), 2 survivors (8192K)
 Metaspace       used 11269K, committed 11584K, reserved 1114112K
  class space    used 1190K, committed 1344K, reserved 1048576K
}
Event: 3,402 GC heap after
{Heap after GC invocations=7 (full 0):
 garbage-first heap   total 778240K, used 256928K [0x000000068a400000, 0x0000000800000000)
  region size 4096K, 2 young (8192K), 2 survivors (8192K)
 Metaspace       used 11269K, committed 11584K, reserved 1114112K
  class space    used 1190K, committed 1344K, reserved 1048576K
}
Event: 3,536 GC heap before
{Heap before GC invocations=8 (full 0):
 garbage-first heap   total 778240K, used 334752K [0x000000068a400000, 0x0000000800000000)
  region size 4096K, 22 young (90112K), 2 survivors (8192K)
 Metaspace       used 11269K, committed 11584K, reserved 1114112K
  class space    used 1190K, committed 1344K, reserved 1048576K
}
Event: 3,545 GC heap after
{Heap after GC invocations=9 (full 0):
 garbage-first heap   total 778240K, used 342940K [0x000000068a400000, 0x0000000800000000)
  region size 4096K, 3 young (12288K), 3 survivors (12288K)
 Metaspace       used 11269K, committed 11584K, reserved 1114112K
  class space    used 1190K, committed 1344K, reserved 1048576K
}
Event: 3,667 GC heap before
{Heap before GC invocations=9 (full 0):
 garbage-first heap   total 778240K, used 433052K [0x000000068a400000, 0x0000000800000000)
  region size 4096K, 26 young (106496K), 3 survivors (12288K)
 Metaspace       used 11269K, committed 11584K, reserved 1114112K
  class space    used 1190K, committed 1344K, reserved 1048576K
}
Event: 3,684 GC heap after
{Heap after GC invocations=10 (full 0):
 garbage-first heap   total 778240K, used 445739K [0x000000068a400000, 0x0000000800000000)
  region size 4096K, 4 young (16384K), 4 survivors (16384K)
 Metaspace       used 11269K, committed 11584K, reserved 1114112K
  class space    used 1190K, committed 1344K, reserved 1048576K
}
Event: 3,812 GC heap before
{Heap before GC invocations=10 (full 0):
 garbage-first heap   total 778240K, used 531755K [0x000000068a400000, 0x0000000800000000)
  region size 4096K, 26 young (106496K), 4 survivors (16384K)
 Metaspace       used 11269K, committed 11584K, reserved 1114112K
  class space    used 1190K, committed 1344K, reserved 1048576K
}
Event: 3,828 GC heap after
{Heap after GC invocations=11 (full 0):
 garbage-first heap   total 778240K, used 541684K [0x000000068a400000, 0x0000000800000000)
  region size 4096K, 4 young (16384K), 4 survivors (16384K)
 Metaspace       used 11269K, committed 11584K, reserved 1114112K
  class space    used 1190K, committed 1344K, reserved 1048576K
}

